<?xml version="1.0" encoding="UTF-8"?>
<!-- Generated by org.testng.reporters.JUnitReportReporter -->
<testsuite skipped="0" hostname="DESKTOP-PCH3F9Q" name="com.demo.mavenone.WebDriverManagerDemo" tests="1" failures="0" timestamp="13 Aug 2022 05:09:35 GMT" time="24.570" errors="0">
  <testcase name="demo" time="24.570" classname="com.demo.mavenone.WebDriverManagerDemo"/>
</testsuite> <!-- com.demo.mavenone.WebDriverManagerDemo -->
