<?xml version="1.0" encoding="UTF-8"?>
<!-- Generated by org.testng.reporters.JUnitReportReporter -->
<testsuite skipped="0" hostname="DESKTOP-PCH3F9Q" name="com.demo.mavenone.Demo" tests="1" failures="0" timestamp="02 Sep 2022 06:20:19 GMT" time="17.063" errors="0">
  <testcase name="hello" time="17.063" classname="com.demo.mavenone.Demo"/>
</testsuite> <!-- com.demo.mavenone.Demo -->
