<?xml version="1.0" encoding="UTF-8"?>
<!-- Generated by org.testng.reporters.JUnitReportReporter -->
<testsuite hostname="DESKTOP-PCH3F9Q" failures="0" tests="4" name="com.demo.test.DemoTest" time="216.968" errors="0" timestamp="19 Nov 2022 04:16:31 GMT" skipped="0">
  <testcase classname="com.demo.test.DemoTest" name="loginTest" time="54.415"/>
  <testcase classname="com.demo.test.DemoTest" name="loginTest" time="27.002"/>
  <testcase classname="com.demo.test.DemoTest" name="loginTest" time="88.976"/>
  <testcase classname="com.demo.test.DemoTest" name="loginTest" time="46.575"/>
</testsuite> <!-- com.demo.test.DemoTest -->
