<?xml version="1.0" encoding="UTF-8"?>
<!-- Generated by org.testng.reporters.JUnitReportReporter -->
<testsuite hostname="DESKTOP-PCH3F9Q" failures="0" tests="4" name="com.demo.test.SauceLabsTest" time="255.986" errors="0" timestamp="19 Nov 2022 05:11:07 GMT" skipped="0">
  <testcase classname="com.demo.test.SauceLabsTest" name="sauceLabsTest" time="52.756"/>
  <testcase classname="com.demo.test.SauceLabsTest" name="sauceLabsTest" time="34.096"/>
  <testcase classname="com.demo.test.SauceLabsTest" name="sauceLabsTest" time="85.610"/>
  <testcase classname="com.demo.test.SauceLabsTest" name="sauceLabsTest" time="83.524"/>
</testsuite> <!-- com.demo.test.SauceLabsTest -->
