<?xml version="1.0" encoding="UTF-8"?>
<!-- Generated by org.testng.reporters.JUnitReportReporter -->
<testsuite hostname="DESKTOP-PCH3F9Q" failures="0" tests="1" name="com.demo.mavenone.Demo" time="15.672" errors="0" timestamp="2022-09-22T13:17:43 IST" skipped="0">
  <testcase classname="com.demo.mavenone.Demo" name="hello" time="15.672"/>
  <system-out/>
</testsuite> <!-- com.demo.mavenone.Demo -->
