<?xml version="1.0" encoding="UTF-8"?>
<!-- Generated by org.testng.reporters.JUnitReportReporter -->
<testsuite hostname="DESKTOP-PCH3F9Q" failures="0" tests="1" name="com.demo.mavenone.Demo" time="68.724" errors="0" timestamp="2022-10-02T21:19:40 IST" skipped="0">
  <testcase classname="com.demo.mavenone.Demo" name="hello" time="68.724"/>
  <system-out/>
</testsuite> <!-- com.demo.mavenone.Demo -->
