<?xml version="1.0" encoding="UTF-8"?>
<!-- Generated by org.testng.reporters.JUnitReportReporter -->
<testsuite hostname="DESKTOP-PCH3F9Q" failures="0" tests="1" name="com.demo.mavenone.Demo" time="47.793" errors="0" timestamp="2022-10-03T20:44:07 IST" skipped="0">
  <testcase classname="com.demo.mavenone.Demo" name="hello" time="47.793"/>
  <system-out/>
</testsuite> <!-- com.demo.mavenone.Demo -->
