<?xml version="1.0" encoding="UTF-8"?>
<!-- Generated by org.testng.reporters.JUnitReportReporter -->
<testsuite hostname="DESKTOP-PCH3F9Q" failures="0" tests="1" name="com.demo.mavenone.Demo" time="18.105" errors="0" timestamp="2022-10-03T12:54:22 IST" skipped="0">
  <testcase classname="com.demo.mavenone.Demo" name="hello" time="18.105"/>
  <system-out/>
</testsuite> <!-- com.demo.mavenone.Demo -->
