<?xml version="1.0" encoding="UTF-8"?>
<!-- Generated by org.testng.reporters.JUnitReportReporter -->
<testsuite hostname="DESKTOP-PCH3F9Q" failures="0" tests="4" name="com.demo.test.SauceLabsTest" time="205.252" errors="0" timestamp="2022-12-31T16:59:42 IST" skipped="0">
  <testcase classname="com.demo.test.SauceLabsTest" name="sauceLabsTest" time="33.332"/>
  <system-out/>
  <testcase classname="com.demo.test.SauceLabsTest" name="sauceLabsTest" time="27.975"/>
  <system-out/>
  <testcase classname="com.demo.test.SauceLabsTest" name="sauceLabsTest" time="81.706"/>
  <system-out/>
  <testcase classname="com.demo.test.SauceLabsTest" name="sauceLabsTest" time="62.239"/>
  <system-out/>
</testsuite> <!-- com.demo.test.SauceLabsTest -->
