<?xml version="1.0" encoding="UTF-8"?>
<!-- Generated by org.testng.reporters.JUnitReportReporter -->
<testsuite hostname="DESKTOP-PCH3F9Q" failures="0" tests="1" name="com.demo.mavenone.Demo" time="21.770" errors="0" timestamp="2022-10-03T12:49:15 IST" skipped="0">
  <testcase classname="com.demo.mavenone.Demo" name="hello" time="21.770"/>
  <system-out/>
</testsuite> <!-- com.demo.mavenone.Demo -->
